<?xml version="1.0" encoding="UTF-8"?>
<!-- Generated by org.testng.reporters.JUnitXMLReporter -->
<testsuite ignored="0" hostname="AnilKumarCh" failures="0" tests="3" name="Default test" time="15.535" errors="0" timestamp="2020-05-30T00:58:47 IST">
  <testcase classname="com.udemy.seleniumdesign.test.decorator.DashboardPageTest" name="roleTest" time="2.883"/>
  <testcase classname="com.udemy.seleniumdesign.test.decorator.DashboardPageTest" name="roleTest" time="0.472"/>
  <testcase classname="com.udemy.seleniumdesign.test.decorator.DashboardPageTest" name="roleTest" time="0.436"/>
</testsuite> <!-- Default test -->
