<?xml version="1.0" encoding="UTF-8"?>
<testng-results ignored="0" total="3" passed="3" failed="0" skipped="0">
  <reporter-output>
  </reporter-output>
  <suite started-at="2020-05-30T00:58:31 IST" name="Default suite" finished-at="2020-05-30T00:58:47 IST" duration-ms="15535">
    <groups>
    </groups>
    <test started-at="2020-05-30T00:58:31 IST" name="Default test" finished-at="2020-05-30T00:58:47 IST" duration-ms="15535">
      <class name="com.udemy.seleniumdesign.test.decorator.DashboardPageTest">
        <test-method is-config="true" signature="setupDriver()[pri:0, instance:com.udemy.seleniumdesign.test.decorator.DashboardPageTest@7a4ccb53]" started-at="2020-05-30T00:58:31 IST" name="setupDriver" finished-at="2020-05-30T00:58:37 IST" duration-ms="5485" status="PASS">
          <reporter-output>
          </reporter-output>
        </test-method> <!-- setupDriver -->
        <test-method is-config="true" signature="setDashboardPage()[pri:0, instance:com.udemy.seleniumdesign.test.decorator.DashboardPageTest@7a4ccb53]" started-at="2020-05-30T00:58:37 IST" name="setDashboardPage" finished-at="2020-05-30T00:58:37 IST" depends-on-methods="com.udemy.seleniumdesign.test.BaseTest.setupDriver" duration-ms="41" status="PASS">
          <reporter-output>
          </reporter-output>
        </test-method> <!-- setDashboardPage -->
        <test-method signature="roleTest(java.util.function.Consumer)[pri:0, instance:com.udemy.seleniumdesign.test.decorator.DashboardPageTest@7a4ccb53]" started-at="2020-05-30T00:58:37 IST" name="roleTest" data-provider="getData" finished-at="2020-05-30T00:58:40 IST" duration-ms="2883" status="PASS">
          <params>
            <param index="0">
              <value>
                <![CDATA[java.util.function.Consumer$$Lambda$329/0x0000000800d12c40@5e81e5ac]]>
              </value>
            </param>
          </params>
          <reporter-output>
          </reporter-output>
        </test-method> <!-- roleTest -->
        <test-method signature="roleTest(java.util.function.Consumer)[pri:0, instance:com.udemy.seleniumdesign.test.decorator.DashboardPageTest@7a4ccb53]" started-at="2020-05-30T00:58:40 IST" name="roleTest" data-provider="getData" finished-at="2020-05-30T00:58:40 IST" duration-ms="472" status="PASS">
          <params>
            <param index="0">
              <value>
                <![CDATA[java.util.function.Consumer$$Lambda$329/0x0000000800d12c40@54227100]]>
              </value>
            </param>
          </params>
          <reporter-output>
          </reporter-output>
        </test-method> <!-- roleTest -->
        <test-method signature="roleTest(java.util.function.Consumer)[pri:0, instance:com.udemy.seleniumdesign.test.decorator.DashboardPageTest@7a4ccb53]" started-at="2020-05-30T00:58:40 IST" name="roleTest" data-provider="getData" finished-at="2020-05-30T00:58:41 IST" duration-ms="436" status="PASS">
          <params>
            <param index="0">
              <value>
                <![CDATA[java.util.function.Consumer$$Lambda$329/0x0000000800d12c40@3d08f3f5]]>
              </value>
            </param>
          </params>
          <reporter-output>
          </reporter-output>
        </test-method> <!-- roleTest -->
        <test-method is-config="true" signature="quitDriver()[pri:0, instance:com.udemy.seleniumdesign.test.decorator.DashboardPageTest@7a4ccb53]" started-at="2020-05-30T00:58:41 IST" name="quitDriver" finished-at="2020-05-30T00:58:47 IST" duration-ms="6131" status="PASS">
          <reporter-output>
          </reporter-output>
        </test-method> <!-- quitDriver -->
      </class> <!-- com.udemy.seleniumdesign.test.decorator.DashboardPageTest -->
    </test> <!-- Default test -->
  </suite> <!-- Default suite -->
</testng-results>
